1501044141826	geckodriver	INFO	geckodriver 0.18.0
1501044141834	geckodriver	INFO	Listening on 127.0.0.1:55498
1501044142929	geckodriver::marionette	INFO	Starting browser /Applications/Firefox.app/Contents/MacOS/firefox-bin with args ["-marionette"]
1501044145042	Marionette	INFO	Listening on port 55507
1501044145130	Marionette	WARN	TLS certificate errors will be ignored for this session
1501044145303	Marionette	DEBUG	loaded listener.js
1501044145338	Marionette	DEBUG	Received DOM event "beforeunload" for "about:blank"
2017-07-26 00:42:25.384 plugin-container[3260:304694] *** CFMessagePort: bootstrap_register(): failed 1100 (0x44c) 'Permission denied', port = 0x993b, name = 'com.apple.tsm.portname'
See /usr/include/servers/bootstrap_defs.h for the error codes.
2017-07-26 00:42:25.386 plugin-container[3260:304694] *** CFMessagePort: bootstrap_register(): failed 1100 (0x44c) 'Permission denied', port = 0x9c03, name = 'com.apple.CFPasteboardClient'
See /usr/include/servers/bootstrap_defs.h for the error codes.
1501044145394	Marionette	DEBUG	Received DOM event "pagehide" for "about:blank"
1501044145394	Marionette	DEBUG	Received DOM event "unload" for "about:blank"
1501044145401	Marionette	DEBUG	Received DOM event "DOMContentLoaded" for "http://localhost:8000/"
1501044145422	Marionette	DEBUG	Received DOM event "pageshow" for "http://localhost:8000/"
*************************
A coding exception was thrown and uncaught in a Task.

Full message: TypeError: NetworkError when attempting to fetch resource.
Full stack: 
*************************
